# JRE version: OpenJDK Runtime Environment Temurin-17.0.6+10 (17.0.6+10) (build 17.0.6+10)
# Java VM: OpenJDK 64-Bit Server VM Temurin-17.0.6+10 (17.0.6+10, mixed mode, tiered, compressed oops, compressed class ptrs, g1 gc, windows-amd64)
GC Precious Log:
 CPUs: 6 total, 6 available
 Memory: 16319M
 Large Page Support: Disabled
 NUMA Support: Disabled
 Compressed Oops: Enabled (Zero based)
 Heap Region Size: 2M
 Heap Min Capacity: 8M
 Heap Initial Capacity: 256M
 Heap Max Capacity: 4080M
 Pre-touch: Disabled
 Parallel Workers: 6
 Concurrent Workers: 2
 Concurrent Refinement Workers: 6
 Periodic GC: Disabled
Heap:
 garbage-first heap   total 61440K, used 41096K [0x0000000701000000, 0x0000000800000000)
  region size 2048K, 6 young (12288K), 1 survivors (2048K)
 Metaspace       used 79658K, committed 80128K, reserved 1122304K
  class space    used 10293K, committed 10496K, reserved 1048576K
GC Heap History (20 events):
Event: 24.771 GC heap before
{Heap before GC invocations=19 (full 0):
 garbage-first heap   total 49152K, used 37813K [0x0000000701000000, 0x0000000800000000)
  region size 2048K, 8 young (16384K), 1 survivors (2048K)
 Metaspace       used 63584K, committed 63936K, reserved 1105920K
  class space    used 8274K, committed 8448K, reserved 1048576K
}
Event: 24.774 GC heap after
{Heap after GC invocations=20 (full 0):
 garbage-first heap   total 49152K, used 24087K [0x0000000701000000, 0x0000000800000000)
  region size 2048K, 1 young (2048K), 1 survivors (2048K)
 Metaspace       used 63584K, committed 63936K, reserved 1105920K
  class space    used 8274K, committed 8448K, reserved 1048576K
}
Event: 26.254 GC heap before
{Heap before GC invocations=20 (full 0):
 garbage-first heap   total 49152K, used 36375K [0x0000000701000000, 0x0000000800000000)
  region size 2048K, 7 young (14336K), 1 survivors (2048K)
 Metaspace       used 65755K, committed 66176K, reserved 1114112K
  class space    used 8515K, committed 8704K, reserved 1048576K
}
Event: 26.257 GC heap after
{Heap after GC invocations=21 (full 0):
 garbage-first heap   total 49152K, used 25381K [0x0000000701000000, 0x0000000800000000)
  region size 2048K, 1 young (2048K), 1 survivors (2048K)
 Metaspace       used 65755K, committed 66176K, reserved 1114112K
  class space    used 8515K, committed 8704K, reserved 1048576K
}
Event: 27.005 GC heap before
{Heap before GC invocations=22 (full 0):
 garbage-first heap   total 49152K, used 37669K [0x0000000701000000, 0x0000000800000000)
  region size 2048K, 7 young (14336K), 1 survivors (2048K)
 Metaspace       used 67567K, committed 67904K, reserved 1114112K
  class space    used 8809K, committed 8960K, reserved 1048576K
}
Event: 27.009 GC heap after
{Heap after GC invocations=23 (full 0):
 garbage-first heap   total 49152K, used 26158K [0x0000000701000000, 0x0000000800000000)
  region size 2048K, 1 young (2048K), 1 survivors (2048K)
 Metaspace       used 67567K, committed 67904K, reserved 1114112K
  class space    used 8809K, committed 8960K, reserved 1048576K
}
Event: 27.760 GC heap before
{Heap before GC invocations=23 (full 0):
 garbage-first heap   total 49152K, used 36398K [0x0000000701000000, 0x0000000800000000)
  region size 2048K, 6 young (12288K), 1 survivors (2048K)
 Metaspace       used 68585K, committed 68928K, reserved 1114112K
  class space    used 8946K, committed 9088K, reserved 1048576K
}
Event: 27.762 GC heap after
{Heap after GC invocations=24 (full 0):
 garbage-first heap   total 49152K, used 27328K [0x0000000701000000, 0x0000000800000000)
  region size 2048K, 1 young (2048K), 1 survivors (2048K)
 Metaspace       used 68585K, committed 68928K, reserved 1114112K
  class space    used 8946K, committed 9088K, reserved 1048576K
}
Event: 29.076 GC heap before
{Heap before GC invocations=25 (full 0):
 garbage-first heap   total 51200K, used 35520K [0x0000000701000000, 0x0000000800000000)
  region size 2048K, 6 young (12288K), 1 survivors (2048K)
 Metaspace       used 70164K, committed 70528K, reserved 1114112K
  class space    used 9170K, committed 9344K, reserved 1048576K
}
Event: 29.079 GC heap after
{Heap after GC invocations=26 (full 0):
 garbage-first heap   total 51200K, used 28376K [0x0000000701000000, 0x0000000800000000)
  region size 2048K, 1 young (2048K), 1 survivors (2048K)
 Metaspace       used 70164K, committed 70528K, reserved 1114112K
  class space    used 9170K, committed 9344K, reserved 1048576K
}
Event: 32.161 GC heap before
{Heap before GC invocations=26 (full 0):
 garbage-first heap   total 51200K, used 38616K [0x0000000701000000, 0x0000000800000000)
  region size 2048K, 6 young (12288K), 1 survivors (2048K)
 Metaspace       used 70866K, committed 71232K, reserved 1114112K
  class space    used 9258K, committed 9408K, reserved 1048576K
}
Event: 32.163 GC heap after
{Heap after GC invocations=27 (full 0):
 garbage-first heap   total 51200K, used 29128K [0x0000000701000000, 0x0000000800000000)
  region size 2048K, 1 young (2048K), 1 survivors (2048K)
 Metaspace       used 70866K, committed 71232K, reserved 1114112K
  class space    used 9258K, committed 9408K, reserved 1048576K
}
Event: 33.452 GC heap before
{Heap before GC invocations=28 (full 0):
 garbage-first heap   total 55296K, used 39368K [0x0000000701000000, 0x0000000800000000)
  region size 2048K, 6 young (12288K), 1 survivors (2048K)
 Metaspace       used 72753K, committed 73152K, reserved 1114112K
  class space    used 9529K, committed 9728K, reserved 1048576K
}
Event: 33.455 GC heap after
{Heap after GC invocations=29 (full 0):
 garbage-first heap   total 55296K, used 30075K [0x0000000701000000, 0x0000000800000000)
  region size 2048K, 1 young (2048K), 1 survivors (2048K)
 Metaspace       used 72753K, committed 73152K, reserved 1114112K
  class space    used 9529K, committed 9728K, reserved 1048576K
}
Event: 111.046 GC heap before
{Heap before GC invocations=29 (full 0):
 garbage-first heap   total 55296K, used 44411K [0x0000000701000000, 0x0000000800000000)
  region size 2048K, 8 young (16384K), 1 survivors (2048K)
 Metaspace       used 75849K, committed 76288K, reserved 1122304K
  class space    used 9902K, committed 10112K, reserved 1048576K
}
Event: 111.068 GC heap after
{Heap after GC invocations=30 (full 0):
 garbage-first heap   total 55296K, used 31255K [0x0000000701000000, 0x0000000800000000)
  region size 2048K, 1 young (2048K), 1 survivors (2048K)
 Metaspace       used 75849K, committed 76288K, reserved 1122304K
  class space    used 9902K, committed 10112K, reserved 1048576K
}
Event: 111.492 GC heap before
{Heap before GC invocations=31 (full 0):
 garbage-first heap   total 59392K, used 41494K [0x0000000701000000, 0x0000000800000000)
  region size 2048K, 7 young (14336K), 1 survivors (2048K)
 Metaspace       used 78883K, committed 79360K, reserved 1122304K
  class space    used 10270K, committed 10496K, reserved 1048576K
}
Event: 111.502 GC heap after
{Heap after GC invocations=32 (full 0):
 garbage-first heap   total 59392K, used 32611K [0x0000000701000000, 0x0000000800000000)
  region size 2048K, 1 young (2048K), 1 survivors (2048K)
 Metaspace       used 78883K, committed 79360K, reserved 1122304K
  class space    used 10270K, committed 10496K, reserved 1048576K
}
Event: 202.132 GC heap before
{Heap before GC invocations=32 (full 0):
 garbage-first heap   total 59392K, used 42851K [0x0000000701000000, 0x0000000800000000)
  region size 2048K, 7 young (14336K), 1 survivors (2048K)
 Metaspace       used 79527K, committed 80000K, reserved 1122304K
  class space    used 10293K, committed 10496K, reserved 1048576K
}
Event: 202.174 GC heap after
{Heap after GC invocations=33 (full 0):
 garbage-first heap   total 59392K, used 32904K [0x0000000701000000, 0x0000000800000000)
  region size 2048K, 1 young (2048K), 1 survivors (2048K)
 Metaspace       used 79527K, committed 80000K, reserved 1122304K
  class space    used 10293K, committed 10496K, reserved 1048576K
}

